# JRE version: OpenJDK Runtime Environment Microsoft-11369865 (17.0.15+6) (build 17.0.15+6-LTS)
# Java VM: OpenJDK 64-Bit Server VM Microsoft-11369865 (17.0.15+6-LTS, mixed mode, sharing, tiered, compressed oops, compressed class ptrs, g1 gc, windows-amd64)
GC Precious Log:
 CPUs: 8 total, 8 available
 Memory: 12159M
 Large Page Support: Disabled
 NUMA Support: Disabled
 Compressed Oops: Enabled (32-bit)
 Heap Region Size: 1M
 Heap Min Capacity: 8M
 Heap Initial Capacity: 190M
 Heap Max Capacity: 2G
 Pre-touch: Disabled
 Parallel Workers: 8
 Concurrent Workers: 2
 Concurrent Refinement Workers: 8
 Periodic GC: Disabled
Heap:
 garbage-first heap   total 336896K, used 237496K [0x0000000080000000, 0x0000000100000000)
  region size 1024K, 8 young (8192K), 8 survivors (8192K)
 Metaspace       used 110696K, committed 112000K, reserved 557056K
  class space    used 15521K, committed 16128K, reserved 425984K
GC Heap History (20 events):
Event: 29.770 GC heap after
{Heap after GC invocations=52 (full 0):
 garbage-first heap   total 336896K, used 158326K [0x0000000080000000, 0x0000000100000000)
  region size 1024K, 2 young (2048K), 2 survivors (2048K)
 Metaspace       used 104002K, committed 105088K, reserved 557056K
  class space    used 14527K, committed 15040K, reserved 425984K
}
Event: 30.744 GC heap before
{Heap before GC invocations=52 (full 0):
 garbage-first heap   total 336896K, used 267894K [0x0000000080000000, 0x0000000100000000)
  region size 1024K, 110 young (112640K), 2 survivors (2048K)
 Metaspace       used 104382K, committed 105536K, reserved 557056K
  class space    used 14578K, committed 15104K, reserved 425984K
}
Event: 30.752 GC heap after
{Heap after GC invocations=53 (full 0):
 garbage-first heap   total 336896K, used 165738K [0x0000000080000000, 0x0000000100000000)
  region size 1024K, 9 young (9216K), 9 survivors (9216K)
 Metaspace       used 104382K, committed 105536K, reserved 557056K
  class space    used 14578K, committed 15104K, reserved 425984K
}
Event: 32.265 GC heap before
{Heap before GC invocations=53 (full 0):
 garbage-first heap   total 336896K, used 274282K [0x0000000080000000, 0x0000000100000000)
  region size 1024K, 112 young (114688K), 9 survivors (9216K)
 Metaspace       used 106113K, committed 107392K, reserved 557056K
  class space    used 14900K, committed 15488K, reserved 425984K
}
Event: 32.278 GC heap after
{Heap after GC invocations=54 (full 0):
 garbage-first heap   total 336896K, used 180595K [0x0000000080000000, 0x0000000100000000)
  region size 1024K, 14 young (14336K), 14 survivors (14336K)
 Metaspace       used 106113K, committed 107392K, reserved 557056K
  class space    used 14900K, committed 15488K, reserved 425984K
}
Event: 33.401 GC heap before
{Heap before GC invocations=54 (full 0):
 garbage-first heap   total 336896K, used 271731K [0x0000000080000000, 0x0000000100000000)
  region size 1024K, 103 young (105472K), 14 survivors (14336K)
 Metaspace       used 109528K, committed 110784K, reserved 557056K
  class space    used 15391K, committed 15936K, reserved 425984K
}
Event: 33.417 GC heap after
{Heap after GC invocations=55 (full 0):
 garbage-first heap   total 336896K, used 189320K [0x0000000080000000, 0x0000000100000000)
  region size 1024K, 9 young (9216K), 9 survivors (9216K)
 Metaspace       used 109528K, committed 110784K, reserved 557056K
  class space    used 15391K, committed 15936K, reserved 425984K
}
Event: 34.301 GC heap before
{Heap before GC invocations=55 (full 0):
 garbage-first heap   total 336896K, used 274312K [0x0000000080000000, 0x0000000100000000)
  region size 1024K, 92 young (94208K), 9 survivors (9216K)
 Metaspace       used 109733K, committed 110976K, reserved 557056K
  class space    used 15408K, committed 16000K, reserved 425984K
}
Event: 34.319 GC heap after
{Heap after GC invocations=56 (full 0):
 garbage-first heap   total 336896K, used 204433K [0x0000000080000000, 0x0000000100000000)
  region size 1024K, 12 young (12288K), 12 survivors (12288K)
 Metaspace       used 109733K, committed 110976K, reserved 557056K
  class space    used 15408K, committed 16000K, reserved 425984K
}
Event: 34.626 GC heap before
{Heap before GC invocations=56 (full 0):
 garbage-first heap   total 336896K, used 273041K [0x0000000080000000, 0x0000000100000000)
  region size 1024K, 80 young (81920K), 12 survivors (12288K)
 Metaspace       used 109740K, committed 110976K, reserved 557056K
  class space    used 15408K, committed 16000K, reserved 425984K
}
Event: 34.641 GC heap after
{Heap after GC invocations=57 (full 0):
 garbage-first heap   total 336896K, used 210773K [0x0000000080000000, 0x0000000100000000)
  region size 1024K, 6 young (6144K), 6 survivors (6144K)
 Metaspace       used 109740K, committed 110976K, reserved 557056K
  class space    used 15408K, committed 16000K, reserved 425984K
}
Event: 35.235 GC heap before
{Heap before GC invocations=57 (full 0):
 garbage-first heap   total 336896K, used 280405K [0x0000000080000000, 0x0000000100000000)
  region size 1024K, 72 young (73728K), 6 survivors (6144K)
 Metaspace       used 109970K, committed 111168K, reserved 557056K
  class space    used 15433K, committed 16000K, reserved 425984K
}
Event: 35.245 GC heap after
{Heap after GC invocations=58 (full 0):
 garbage-first heap   total 336896K, used 220254K [0x0000000080000000, 0x0000000100000000)
  region size 1024K, 9 young (9216K), 9 survivors (9216K)
 Metaspace       used 109970K, committed 111168K, reserved 557056K
  class space    used 15433K, committed 16000K, reserved 425984K
}
Event: 35.551 GC heap before
{Heap before GC invocations=58 (full 0):
 garbage-first heap   total 336896K, used 277598K [0x0000000080000000, 0x0000000100000000)
  region size 1024K, 66 young (67584K), 9 survivors (9216K)
 Metaspace       used 110037K, committed 111296K, reserved 557056K
  class space    used 15443K, committed 16064K, reserved 425984K
}
Event: 35.565 GC heap after
{Heap after GC invocations=59 (full 0):
 garbage-first heap   total 336896K, used 223220K [0x0000000080000000, 0x0000000100000000)
  region size 1024K, 5 young (5120K), 5 survivors (5120K)
 Metaspace       used 110037K, committed 111296K, reserved 557056K
  class space    used 15443K, committed 16064K, reserved 425984K
}
Event: 36.277 GC heap before
{Heap before GC invocations=59 (full 0):
 garbage-first heap   total 336896K, used 281588K [0x0000000080000000, 0x0000000100000000)
  region size 1024K, 62 young (63488K), 5 survivors (5120K)
 Metaspace       used 110377K, committed 111616K, reserved 557056K
  class space    used 15477K, committed 16064K, reserved 425984K
}
Event: 36.287 GC heap after
{Heap after GC invocations=60 (full 0):
 garbage-first heap   total 336896K, used 228161K [0x0000000080000000, 0x0000000100000000)
  region size 1024K, 8 young (8192K), 8 survivors (8192K)
 Metaspace       used 110377K, committed 111616K, reserved 557056K
  class space    used 15477K, committed 16064K, reserved 425984K
}
Event: 36.594 GC heap before
{Heap before GC invocations=60 (full 0):
 garbage-first heap   total 336896K, used 282433K [0x0000000080000000, 0x0000000100000000)
  region size 1024K, 62 young (63488K), 8 survivors (8192K)
 Metaspace       used 110398K, committed 111680K, reserved 557056K
  class space    used 15477K, committed 16064K, reserved 425984K
}
Event: 36.604 GC heap after
{Heap after GC invocations=61 (full 0):
 garbage-first heap   total 336896K, used 230400K [0x0000000080000000, 0x0000000100000000)
  region size 1024K, 5 young (5120K), 5 survivors (5120K)
 Metaspace       used 110398K, committed 111680K, reserved 557056K
  class space    used 15477K, committed 16064K, reserved 425984K
}
Event: 37.023 GC heap before
{Heap before GC invocations=61 (full 0):
 garbage-first heap   total 336896K, used 285696K [0x0000000080000000, 0x0000000100000000)
  region size 1024K, 58 young (59392K), 5 survivors (5120K)
 Metaspace       used 110696K, committed 112000K, reserved 557056K
  class space    used 15521K, committed 16128K, reserved 425984K
}

